03:16:41:854 [ALWAYS]	GUDE Logging Started
03:16:41:854 [INFO]	SqliteResumeCache::SqliteResumeCache basedirectory is null/empty
03:16:41:854 [ERROR]	SqliteResumeCache::CreateSqliteResumeCache creating resume cache pointer failure
03:16:41:854 [ERROR]	Initialize resume cache pointer failure
03:16:41:854 [INFO]	gude policy POLICY_USER limit (2,2,1) chunk 2097152, chunking (UL 0 DL 1), resXfer 1, adapt 0, NSURL 0, timeout 86400 
03:16:41:854 [INFO]	Initialized -- gude-lib version: v0.12.1 app: gude
03:16:50:901 [WARN]	Ignoring attempt to reinit logging to \gude at level 4 retaining 3 days of logs
03:16:50:901 [INFO]	SqliteResumeCache::SqliteResumeCache basedirectory is null/empty
03:16:50:901 [ERROR]	SqliteResumeCache::CreateSqliteResumeCache creating resume cache pointer failure
03:16:50:902 [ERROR]	Initialize resume cache pointer failure
03:16:50:902 [INFO]	gude policy POLICY_USER limit (4,4,1) chunk 2097152, chunking (UL 0 DL 1), resXfer 1, adapt 0, NSURL 1, timeout 86400 
03:16:50:902 [INFO]	Initialized -- gude-lib version: v0.12.1 app: gude
03:18:12:277 [ALWAYS]	GUDE Logging Started
03:18:12:278 [INFO]	SqliteResumeCache::SqliteResumeCache basedirectory is null/empty
03:18:12:278 [ERROR]	SqliteResumeCache::CreateSqliteResumeCache creating resume cache pointer failure
03:18:12:278 [ERROR]	Initialize resume cache pointer failure
03:18:12:278 [INFO]	gude policy POLICY_USER limit (2,2,1) chunk 2097152, chunking (UL 0 DL 1), resXfer 1, adapt 0, NSURL 0, timeout 86400 
03:18:12:278 [INFO]	Initialized -- gude-lib version: v0.12.1 app: gude
03:18:18:818 [WARN]	Ignoring attempt to reinit logging to \gude at level 4 retaining 3 days of logs
03:18:18:818 [INFO]	SqliteResumeCache::SqliteResumeCache basedirectory is null/empty
03:18:18:818 [ERROR]	SqliteResumeCache::CreateSqliteResumeCache creating resume cache pointer failure
03:18:18:818 [ERROR]	Initialize resume cache pointer failure
03:18:18:818 [INFO]	gude policy POLICY_USER limit (4,4,1) chunk 2097152, chunking (UL 0 DL 1), resXfer 1, adapt 0, NSURL 1, timeout 86400 
03:18:18:818 [INFO]	Initialized -- gude-lib version: v0.12.1 app: gude
03:23:05:628 [ALWAYS]	GUDE Logging Started
03:23:05:628 [INFO]	SqliteResumeCache::SqliteResumeCache basedirectory is null/empty
03:23:05:628 [ERROR]	SqliteResumeCache::CreateSqliteResumeCache creating resume cache pointer failure
03:23:05:628 [ERROR]	Initialize resume cache pointer failure
03:23:05:628 [INFO]	gude policy POLICY_USER limit (2,2,1) chunk 2097152, chunking (UL 0 DL 1), resXfer 1, adapt 0, NSURL 0, timeout 86400 
03:23:05:628 [INFO]	Initialized -- gude-lib version: v0.12.1 app: gude
03:23:11:498 [WARN]	Ignoring attempt to reinit logging to \gude at level 4 retaining 3 days of logs
03:23:11:498 [INFO]	SqliteResumeCache::SqliteResumeCache basedirectory is null/empty
03:23:11:498 [ERROR]	SqliteResumeCache::CreateSqliteResumeCache creating resume cache pointer failure
03:23:11:498 [ERROR]	Initialize resume cache pointer failure
03:23:11:498 [INFO]	gude policy POLICY_USER limit (4,4,1) chunk 2097152, chunking (UL 0 DL 1), resXfer 1, adapt 0, NSURL 1, timeout 86400 
03:23:11:498 [INFO]	Initialized -- gude-lib version: v0.12.1 app: gude
